nohup: ignoring input

> legal-wings-crm@0.1.0 start
> react-scripts start

Browserslist: browsers data (caniuse-lite) is 7 months old. Please run:
  npx update-browserslist-db@latest
  Why you should do it regularly: https://github.com/browserslist/update-db#readme
(node:374792) [DEP_WEBPACK_DEV_SERVER_HTTPS] DeprecationWarning: 'https' option is deprecated. Please use the 'server' option.
(Use `node-18 --trace-deprecation ...` to show where the warning was created)
(node:374792) [DEP_WEBPACK_DEV_SERVER_ON_AFTER_SETUP_MIDDLEWARE] DeprecationWarning: 'onAfterSetupMiddleware' option is deprecated. Please use the 'setupMiddlewares' option.
(node:374792) [DEP_WEBPACK_DEV_SERVER_ON_BEFORE_SETUP_MIDDLEWARE] DeprecationWarning: 'onBeforeSetupMiddleware' option is deprecated. Please use the 'setupMiddlewares' option.
Starting the development server...

Compiled with warnings.

Failed to parse source map from '/home/ec2-user/code/legal-wings-management-system-ui/node_modules/@react-keycloak/core/lib/@react-keycloak/core/context.ts' file: Error: ENOENT: no such file or directory, open '/home/ec2-user/code/legal-wings-management-system-ui/node_modules/@react-keycloak/core/lib/@react-keycloak/core/context.ts'

Failed to parse source map from '/home/ec2-user/code/legal-wings-management-system-ui/node_modules/@react-keycloak/core/lib/@react-keycloak/core/index.ts' file: Error: ENOENT: no such file or directory, open '/home/ec2-user/code/legal-wings-management-system-ui/node_modules/@react-keycloak/core/lib/@react-keycloak/core/index.ts'

Failed to parse source map from '/home/ec2-user/code/legal-wings-management-system-ui/node_modules/@react-keycloak/core/lib/@react-keycloak/core/provider.tsx' file: Error: ENOENT: no such file or directory, open '/home/ec2-user/code/legal-wings-management-system-ui/node_modules/@react-keycloak/core/lib/@react-keycloak/core/provider.tsx'

Failed to parse source map from '/home/ec2-user/code/legal-wings-management-system-ui/node_modules/@react-keycloak/core/lib/@react-keycloak/core/types.ts' file: Error: ENOENT: no such file or directory, open '/home/ec2-user/code/legal-wings-management-system-ui/node_modules/@react-keycloak/core/lib/@react-keycloak/core/types.ts'

Failed to parse source map from '/home/ec2-user/code/legal-wings-management-system-ui/node_modules/@react-keycloak/web/lib/@react-keycloak/web/context.ts' file: Error: ENOENT: no such file or directory, open '/home/ec2-user/code/legal-wings-management-system-ui/node_modules/@react-keycloak/web/lib/@react-keycloak/web/context.ts'

Failed to parse source map from '/home/ec2-user/code/legal-wings-management-system-ui/node_modules/@react-keycloak/web/lib/@react-keycloak/web/index.ts' file: Error: ENOENT: no such file or directory, open '/home/ec2-user/code/legal-wings-management-system-ui/node_modules/@react-keycloak/web/lib/@react-keycloak/web/index.ts'

Failed to parse source map from '/home/ec2-user/code/legal-wings-management-system-ui/node_modules/@react-keycloak/web/lib/@react-keycloak/web/provider.ts' file: Error: ENOENT: no such file or directory, open '/home/ec2-user/code/legal-wings-management-system-ui/node_modules/@react-keycloak/web/lib/@react-keycloak/web/provider.ts'

Failed to parse source map from '/home/ec2-user/code/legal-wings-management-system-ui/node_modules/@react-keycloak/web/lib/@react-keycloak/web/useKeycloak.ts' file: Error: ENOENT: no such file or directory, open '/home/ec2-user/code/legal-wings-management-system-ui/node_modules/@react-keycloak/web/lib/@react-keycloak/web/useKeycloak.ts'

Failed to parse source map from '/home/ec2-user/code/legal-wings-management-system-ui/node_modules/@react-keycloak/web/lib/@react-keycloak/web/withKeycloak.tsx' file: Error: ENOENT: no such file or directory, open '/home/ec2-user/code/legal-wings-management-system-ui/node_modules/@react-keycloak/web/lib/@react-keycloak/web/withKeycloak.tsx'

Failed to parse source map from '/home/ec2-user/code/legal-wings-management-system-ui/node_modules/react-datepicker/src/calendar.tsx' file: Error: ENOENT: no such file or directory, open '/home/ec2-user/code/legal-wings-management-system-ui/node_modules/react-datepicker/src/calendar.tsx'

Failed to parse source map from '/home/ec2-user/code/legal-wings-management-system-ui/node_modules/react-datepicker/src/calendar_container.tsx' file: Error: ENOENT: no such file or directory, open '/home/ec2-user/code/legal-wings-management-system-ui/node_modules/react-datepicker/src/calendar_container.tsx'

Failed to parse source map from '/home/ec2-user/code/legal-wings-management-system-ui/node_modules/react-datepicker/src/calendar_icon.tsx' file: Error: ENOENT: no such file or directory, open '/home/ec2-user/code/legal-wings-management-system-ui/node_modules/react-datepicker/src/calendar_icon.tsx'

Failed to parse source map from '/home/ec2-user/code/legal-wings-management-system-ui/node_modules/react-datepicker/src/click_outside_wrapper.tsx' file: Error: ENOENT: no such file or directory, open '/home/ec2-user/code/legal-wings-management-system-ui/node_modules/react-datepicker/src/click_outside_wrapper.tsx'

Failed to parse source map from '/home/ec2-user/code/legal-wings-management-system-ui/node_modules/react-datepicker/src/date_utils.ts' file: Error: ENOENT: no such file or directory, open '/home/ec2-user/code/legal-wings-management-system-ui/node_modules/react-datepicker/src/date_utils.ts'

Failed to parse source map from '/home/ec2-user/code/legal-wings-management-system-ui/node_modules/react-datepicker/src/day.tsx' file: Error: ENOENT: no such file or directory, open '/home/ec2-user/code/legal-wings-management-system-ui/node_modules/react-datepicker/src/day.tsx'

Failed to parse source map from '/home/ec2-user/code/legal-wings-management-system-ui/node_modules/react-datepicker/src/index.tsx' file: Error: ENOENT: no such file or directory, open '/home/ec2-user/code/legal-wings-management-system-ui/node_modules/react-datepicker/src/index.tsx'

Failed to parse source map from '/home/ec2-user/code/legal-wings-management-system-ui/node_modules/react-datepicker/src/input_time.tsx' file: Error: ENOENT: no such file or directory, open '/home/ec2-user/code/legal-wings-management-system-ui/node_modules/react-datepicker/src/input_time.tsx'

Failed to parse source map from '/home/ec2-user/code/legal-wings-management-system-ui/node_modules/react-datepicker/src/month.tsx' file: Error: ENOENT: no such file or directory, open '/home/ec2-user/code/legal-wings-management-system-ui/node_modules/react-datepicker/src/month.tsx'

Failed to parse source map from '/home/ec2-user/code/legal-wings-management-system-ui/node_modules/react-datepicker/src/month_dropdown.tsx' file: Error: ENOENT: no such file or directory, open '/home/ec2-user/code/legal-wings-management-system-ui/node_modules/react-datepicker/src/month_dropdown.tsx'

Failed to parse source map from '/home/ec2-user/code/legal-wings-management-system-ui/node_modules/react-datepicker/src/month_dropdown_options.tsx' file: Error: ENOENT: no such file or directory, open '/home/ec2-user/code/legal-wings-management-system-ui/node_modules/react-datepicker/src/month_dropdown_options.tsx'

Failed to parse source map from '/home/ec2-user/code/legal-wings-management-system-ui/node_modules/react-datepicker/src/month_year_dropdown.tsx' file: Error: ENOENT: no such file or directory, open '/home/ec2-user/code/legal-wings-management-system-ui/node_modules/react-datepicker/src/month_year_dropdown.tsx'

Failed to parse source map from '/home/ec2-user/code/legal-wings-management-system-ui/node_modules/react-datepicker/src/month_year_dropdown_options.tsx' file: Error: ENOENT: no such file or directory, open '/home/ec2-user/code/legal-wings-management-system-ui/node_modules/react-datepicker/src/month_year_dropdown_options.tsx'

Failed to parse source map from '/home/ec2-user/code/legal-wings-management-system-ui/node_modules/react-datepicker/src/popper_component.tsx' file: Error: ENOENT: no such file or directory, open '/home/ec2-user/code/legal-wings-management-system-ui/node_modules/react-datepicker/src/popper_component.tsx'

Failed to parse source map from '/home/ec2-user/code/legal-wings-management-system-ui/node_modules/react-datepicker/src/portal.tsx' file: Error: ENOENT: no such file or directory, open '/home/ec2-user/code/legal-wings-management-system-ui/node_modules/react-datepicker/src/portal.tsx'

Failed to parse source map from '/home/ec2-user/code/legal-wings-management-system-ui/node_modules/react-datepicker/src/tab_loop.tsx' file: Error: ENOENT: no such file or directory, open '/home/ec2-user/code/legal-wings-management-system-ui/node_modules/react-datepicker/src/tab_loop.tsx'

Failed to parse source map from '/home/ec2-user/code/legal-wings-management-system-ui/node_modules/react-datepicker/src/time.tsx' file: Error: ENOENT: no such file or directory, open '/home/ec2-user/code/legal-wings-management-system-ui/node_modules/react-datepicker/src/time.tsx'

Failed to parse source map from '/home/ec2-user/code/legal-wings-management-system-ui/node_modules/react-datepicker/src/week.tsx' file: Error: ENOENT: no such file or directory, open '/home/ec2-user/code/legal-wings-management-system-ui/node_modules/react-datepicker/src/week.tsx'

Failed to parse source map from '/home/ec2-user/code/legal-wings-management-system-ui/node_modules/react-datepicker/src/week_number.tsx' file: Error: ENOENT: no such file or directory, open '/home/ec2-user/code/legal-wings-management-system-ui/node_modules/react-datepicker/src/week_number.tsx'

Failed to parse source map from '/home/ec2-user/code/legal-wings-management-system-ui/node_modules/react-datepicker/src/with_floating.tsx' file: Error: ENOENT: no such file or directory, open '/home/ec2-user/code/legal-wings-management-system-ui/node_modules/react-datepicker/src/with_floating.tsx'

Failed to parse source map from '/home/ec2-user/code/legal-wings-management-system-ui/node_modules/react-datepicker/src/year.tsx' file: Error: ENOENT: no such file or directory, open '/home/ec2-user/code/legal-wings-management-system-ui/node_modules/react-datepicker/src/year.tsx'

Failed to parse source map from '/home/ec2-user/code/legal-wings-management-system-ui/node_modules/react-datepicker/src/year_dropdown.tsx' file: Error: ENOENT: no such file or directory, open '/home/ec2-user/code/legal-wings-management-system-ui/node_modules/react-datepicker/src/year_dropdown.tsx'

Failed to parse source map from '/home/ec2-user/code/legal-wings-management-system-ui/node_modules/react-datepicker/src/year_dropdown_options.tsx' file: Error: ENOENT: no such file or directory, open '/home/ec2-user/code/legal-wings-management-system-ui/node_modules/react-datepicker/src/year_dropdown_options.tsx'

Search for the keywords to learn more about each warning.
To ignore, add // eslint-disable-next-line to the line before.

WARNING in ./node_modules/@react-keycloak/core/lib/context.js
Module Warning (from ./node_modules/source-map-loader/dist/cjs.js):
Failed to parse source map from '/home/ec2-user/code/legal-wings-management-system-ui/node_modules/@react-keycloak/core/lib/@react-keycloak/core/context.ts' file: Error: ENOENT: no such file or directory, open '/home/ec2-user/code/legal-wings-management-system-ui/node_modules/@react-keycloak/core/lib/@react-keycloak/core/context.ts'

WARNING in ./node_modules/@react-keycloak/core/lib/index.js
Module Warning (from ./node_modules/source-map-loader/dist/cjs.js):
Failed to parse source map from '/home/ec2-user/code/legal-wings-management-system-ui/node_modules/@react-keycloak/core/lib/@react-keycloak/core/index.ts' file: Error: ENOENT: no such file or directory, open '/home/ec2-user/code/legal-wings-management-system-ui/node_modules/@react-keycloak/core/lib/@react-keycloak/core/index.ts'

WARNING in ./node_modules/@react-keycloak/core/lib/provider.js
Module Warning (from ./node_modules/source-map-loader/dist/cjs.js):
Failed to parse source map from '/home/ec2-user/code/legal-wings-management-system-ui/node_modules/@react-keycloak/core/lib/@react-keycloak/core/provider.tsx' file: Error: ENOENT: no such file or directory, open '/home/ec2-user/code/legal-wings-management-system-ui/node_modules/@react-keycloak/core/lib/@react-keycloak/core/provider.tsx'

WARNING in ./node_modules/@react-keycloak/core/lib/types.js
Module Warning (from ./node_modules/source-map-loader/dist/cjs.js):
Failed to parse source map from '/home/ec2-user/code/legal-wings-management-system-ui/node_modules/@react-keycloak/core/lib/@react-keycloak/core/types.ts' file: Error: ENOENT: no such file or directory, open '/home/ec2-user/code/legal-wings-management-system-ui/node_modules/@react-keycloak/core/lib/@react-keycloak/core/types.ts'

WARNING in ./node_modules/@react-keycloak/web/lib/context.js
Module Warning (from ./node_modules/source-map-loader/dist/cjs.js):
Failed to parse source map from '/home/ec2-user/code/legal-wings-management-system-ui/node_modules/@react-keycloak/web/lib/@react-keycloak/web/context.ts' file: Error: ENOENT: no such file or directory, open '/home/ec2-user/code/legal-wings-management-system-ui/node_modules/@react-keycloak/web/lib/@react-keycloak/web/context.ts'

WARNING in ./node_modules/@react-keycloak/web/lib/index.js
Module Warning (from ./node_modules/source-map-loader/dist/cjs.js):
Failed to parse source map from '/home/ec2-user/code/legal-wings-management-system-ui/node_modules/@react-keycloak/web/lib/@react-keycloak/web/index.ts' file: Error: ENOENT: no such file or directory, open '/home/ec2-user/code/legal-wings-management-system-ui/node_modules/@react-keycloak/web/lib/@react-keycloak/web/index.ts'

WARNING in ./node_modules/@react-keycloak/web/lib/provider.js
Module Warning (from ./node_modules/source-map-loader/dist/cjs.js):
Failed to parse source map from '/home/ec2-user/code/legal-wings-management-system-ui/node_modules/@react-keycloak/web/lib/@react-keycloak/web/provider.ts' file: Error: ENOENT: no such file or directory, open '/home/ec2-user/code/legal-wings-management-system-ui/node_modules/@react-keycloak/web/lib/@react-keycloak/web/provider.ts'

WARNING in ./node_modules/@react-keycloak/web/lib/useKeycloak.js
Module Warning (from ./node_modules/source-map-loader/dist/cjs.js):
Failed to parse source map from '/home/ec2-user/code/legal-wings-management-system-ui/node_modules/@react-keycloak/web/lib/@react-keycloak/web/useKeycloak.ts' file: Error: ENOENT: no such file or directory, open '/home/ec2-user/code/legal-wings-management-system-ui/node_modules/@react-keycloak/web/lib/@react-keycloak/web/useKeycloak.ts'

WARNING in ./node_modules/@react-keycloak/web/lib/withKeycloak.js
Module Warning (from ./node_modules/source-map-loader/dist/cjs.js):
Failed to parse source map from '/home/ec2-user/code/legal-wings-management-system-ui/node_modules/@react-keycloak/web/lib/@react-keycloak/web/withKeycloak.tsx' file: Error: ENOENT: no such file or directory, open '/home/ec2-user/code/legal-wings-management-system-ui/node_modules/@react-keycloak/web/lib/@react-keycloak/web/withKeycloak.tsx'

WARNING in ./node_modules/react-datepicker/dist/index.es.js
Module Warning (from ./node_modules/source-map-loader/dist/cjs.js):
Failed to parse source map from '/home/ec2-user/code/legal-wings-management-system-ui/node_modules/react-datepicker/src/calendar.tsx' file: Error: ENOENT: no such file or directory, open '/home/ec2-user/code/legal-wings-management-system-ui/node_modules/react-datepicker/src/calendar.tsx'

WARNING in ./node_modules/react-datepicker/dist/index.es.js
Module Warning (from ./node_modules/source-map-loader/dist/cjs.js):
Failed to parse source map from '/home/ec2-user/code/legal-wings-management-system-ui/node_modules/react-datepicker/src/calendar_container.tsx' file: Error: ENOENT: no such file or directory, open '/home/ec2-user/code/legal-wings-management-system-ui/node_modules/react-datepicker/src/calendar_container.tsx'

WARNING in ./node_modules/react-datepicker/dist/index.es.js
Module Warning (from ./node_modules/source-map-loader/dist/cjs.js):
Failed to parse source map from '/home/ec2-user/code/legal-wings-management-system-ui/node_modules/react-datepicker/src/calendar_icon.tsx' file: Error: ENOENT: no such file or directory, open '/home/ec2-user/code/legal-wings-management-system-ui/node_modules/react-datepicker/src/calendar_icon.tsx'

WARNING in ./node_modules/react-datepicker/dist/index.es.js
Module Warning (from ./node_modules/source-map-loader/dist/cjs.js):
Failed to parse source map from '/home/ec2-user/code/legal-wings-management-system-ui/node_modules/react-datepicker/src/click_outside_wrapper.tsx' file: Error: ENOENT: no such file or directory, open '/home/ec2-user/code/legal-wings-management-system-ui/node_modules/react-datepicker/src/click_outside_wrapper.tsx'

WARNING in ./node_modules/react-datepicker/dist/index.es.js
Module Warning (from ./node_modules/source-map-loader/dist/cjs.js):
Failed to parse source map from '/home/ec2-user/code/legal-wings-management-system-ui/node_modules/react-datepicker/src/date_utils.ts' file: Error: ENOENT: no such file or directory, open '/home/ec2-user/code/legal-wings-management-system-ui/node_modules/react-datepicker/src/date_utils.ts'

WARNING in ./node_modules/react-datepicker/dist/index.es.js
Module Warning (from ./node_modules/source-map-loader/dist/cjs.js):
Failed to parse source map from '/home/ec2-user/code/legal-wings-management-system-ui/node_modules/react-datepicker/src/day.tsx' file: Error: ENOENT: no such file or directory, open '/home/ec2-user/code/legal-wings-management-system-ui/node_modules/react-datepicker/src/day.tsx'

WARNING in ./node_modules/react-datepicker/dist/index.es.js
Module Warning (from ./node_modules/source-map-loader/dist/cjs.js):
Failed to parse source map from '/home/ec2-user/code/legal-wings-management-system-ui/node_modules/react-datepicker/src/index.tsx' file: Error: ENOENT: no such file or directory, open '/home/ec2-user/code/legal-wings-management-system-ui/node_modules/react-datepicker/src/index.tsx'

WARNING in ./node_modules/react-datepicker/dist/index.es.js
Module Warning (from ./node_modules/source-map-loader/dist/cjs.js):
Failed to parse source map from '/home/ec2-user/code/legal-wings-management-system-ui/node_modules/react-datepicker/src/input_time.tsx' file: Error: ENOENT: no such file or directory, open '/home/ec2-user/code/legal-wings-management-system-ui/node_modules/react-datepicker/src/input_time.tsx'

WARNING in ./node_modules/react-datepicker/dist/index.es.js
Module Warning (from ./node_modules/source-map-loader/dist/cjs.js):
Failed to parse source map from '/home/ec2-user/code/legal-wings-management-system-ui/node_modules/react-datepicker/src/month.tsx' file: Error: ENOENT: no such file or directory, open '/home/ec2-user/code/legal-wings-management-system-ui/node_modules/react-datepicker/src/month.tsx'

WARNING in ./node_modules/react-datepicker/dist/index.es.js
Module Warning (from ./node_modules/source-map-loader/dist/cjs.js):
Failed to parse source map from '/home/ec2-user/code/legal-wings-management-system-ui/node_modules/react-datepicker/src/month_dropdown.tsx' file: Error: ENOENT: no such file or directory, open '/home/ec2-user/code/legal-wings-management-system-ui/node_modules/react-datepicker/src/month_dropdown.tsx'

WARNING in ./node_modules/react-datepicker/dist/index.es.js
Module Warning (from ./node_modules/source-map-loader/dist/cjs.js):
Failed to parse source map from '/home/ec2-user/code/legal-wings-management-system-ui/node_modules/react-datepicker/src/month_dropdown_options.tsx' file: Error: ENOENT: no such file or directory, open '/home/ec2-user/code/legal-wings-management-system-ui/node_modules/react-datepicker/src/month_dropdown_options.tsx'

WARNING in ./node_modules/react-datepicker/dist/index.es.js
Module Warning (from ./node_modules/source-map-loader/dist/cjs.js):
Failed to parse source map from '/home/ec2-user/code/legal-wings-management-system-ui/node_modules/react-datepicker/src/month_year_dropdown.tsx' file: Error: ENOENT: no such file or directory, open '/home/ec2-user/code/legal-wings-management-system-ui/node_modules/react-datepicker/src/month_year_dropdown.tsx'

WARNING in ./node_modules/react-datepicker/dist/index.es.js
Module Warning (from ./node_modules/source-map-loader/dist/cjs.js):
Failed to parse source map from '/home/ec2-user/code/legal-wings-management-system-ui/node_modules/react-datepicker/src/month_year_dropdown_options.tsx' file: Error: ENOENT: no such file or directory, open '/home/ec2-user/code/legal-wings-management-system-ui/node_modules/react-datepicker/src/month_year_dropdown_options.tsx'

WARNING in ./node_modules/react-datepicker/dist/index.es.js
Module Warning (from ./node_modules/source-map-loader/dist/cjs.js):
Failed to parse source map from '/home/ec2-user/code/legal-wings-management-system-ui/node_modules/react-datepicker/src/popper_component.tsx' file: Error: ENOENT: no such file or directory, open '/home/ec2-user/code/legal-wings-management-system-ui/node_modules/react-datepicker/src/popper_component.tsx'

WARNING in ./node_modules/react-datepicker/dist/index.es.js
Module Warning (from ./node_modules/source-map-loader/dist/cjs.js):
Failed to parse source map from '/home/ec2-user/code/legal-wings-management-system-ui/node_modules/react-datepicker/src/portal.tsx' file: Error: ENOENT: no such file or directory, open '/home/ec2-user/code/legal-wings-management-system-ui/node_modules/react-datepicker/src/portal.tsx'

WARNING in ./node_modules/react-datepicker/dist/index.es.js
Module Warning (from ./node_modules/source-map-loader/dist/cjs.js):
Failed to parse source map from '/home/ec2-user/code/legal-wings-management-system-ui/node_modules/react-datepicker/src/tab_loop.tsx' file: Error: ENOENT: no such file or directory, open '/home/ec2-user/code/legal-wings-management-system-ui/node_modules/react-datepicker/src/tab_loop.tsx'

WARNING in ./node_modules/react-datepicker/dist/index.es.js
Module Warning (from ./node_modules/source-map-loader/dist/cjs.js):
Failed to parse source map from '/home/ec2-user/code/legal-wings-management-system-ui/node_modules/react-datepicker/src/time.tsx' file: Error: ENOENT: no such file or directory, open '/home/ec2-user/code/legal-wings-management-system-ui/node_modules/react-datepicker/src/time.tsx'

WARNING in ./node_modules/react-datepicker/dist/index.es.js
Module Warning (from ./node_modules/source-map-loader/dist/cjs.js):
Failed to parse source map from '/home/ec2-user/code/legal-wings-management-system-ui/node_modules/react-datepicker/src/week.tsx' file: Error: ENOENT: no such file or directory, open '/home/ec2-user/code/legal-wings-management-system-ui/node_modules/react-datepicker/src/week.tsx'

WARNING in ./node_modules/react-datepicker/dist/index.es.js
Module Warning (from ./node_modules/source-map-loader/dist/cjs.js):
Failed to parse source map from '/home/ec2-user/code/legal-wings-management-system-ui/node_modules/react-datepicker/src/week_number.tsx' file: Error: ENOENT: no such file or directory, open '/home/ec2-user/code/legal-wings-management-system-ui/node_modules/react-datepicker/src/week_number.tsx'

WARNING in ./node_modules/react-datepicker/dist/index.es.js
Module Warning (from ./node_modules/source-map-loader/dist/cjs.js):
Failed to parse source map from '/home/ec2-user/code/legal-wings-management-system-ui/node_modules/react-datepicker/src/with_floating.tsx' file: Error: ENOENT: no such file or directory, open '/home/ec2-user/code/legal-wings-management-system-ui/node_modules/react-datepicker/src/with_floating.tsx'

WARNING in ./node_modules/react-datepicker/dist/index.es.js
Module Warning (from ./node_modules/source-map-loader/dist/cjs.js):
Failed to parse source map from '/home/ec2-user/code/legal-wings-management-system-ui/node_modules/react-datepicker/src/year.tsx' file: Error: ENOENT: no such file or directory, open '/home/ec2-user/code/legal-wings-management-system-ui/node_modules/react-datepicker/src/year.tsx'

WARNING in ./node_modules/react-datepicker/dist/index.es.js
Module Warning (from ./node_modules/source-map-loader/dist/cjs.js):
Failed to parse source map from '/home/ec2-user/code/legal-wings-management-system-ui/node_modules/react-datepicker/src/year_dropdown.tsx' file: Error: ENOENT: no such file or directory, open '/home/ec2-user/code/legal-wings-management-system-ui/node_modules/react-datepicker/src/year_dropdown.tsx'

WARNING in ./node_modules/react-datepicker/dist/index.es.js
Module Warning (from ./node_modules/source-map-loader/dist/cjs.js):
Failed to parse source map from '/home/ec2-user/code/legal-wings-management-system-ui/node_modules/react-datepicker/src/year_dropdown_options.tsx' file: Error: ENOENT: no such file or directory, open '/home/ec2-user/code/legal-wings-management-system-ui/node_modules/react-datepicker/src/year_dropdown_options.tsx'

webpack compiled with 32 warnings
(node:374792) Warning: An error event has already been emitted on the socket. Please use the destroy method on the socket while handling a 'clientError' event.
Compiling...
Compiled with warnings.

[eslint] 
src/App.js
  Line 11:8:   'Slider' is defined but never used          no-unused-vars
  Line 12:10:  'useState' is defined but never used        no-unused-vars
  Line 18:7:   'teams' is assigned a value but never used  no-unused-vars

src/Dashboard.js
  Line 1:17:   'useState' is defined but never used                    no-unused-vars
  Line 6:10:   'RiDashboardLine' is defined but never used             no-unused-vars
  Line 7:10:   'FaRegUserCircle' is defined but never used             no-unused-vars
  Line 27:11:  'handleClientClick' is assigned a value but never used  no-unused-vars

src/Pages/AddClient.js
  Line 1:17:   'useState' is defined but never used           no-unused-vars
  Line 11:5:   'register' is assigned a value but never used  no-unused-vars
  Line 12:18:  'errors' is assigned a value but never used    no-unused-vars

src/Pages/ClientPage.js
  Line 123:9:  'navigate' is assigned a value but never used  no-unused-vars

src/Pages/Slider.js
  Line 4:10:    'Link' is defined but never used                                                              no-unused-vars
  Line 17:11:   'location' is assigned a value but never used                                                 no-unused-vars
  Line 28:7:    'handleClientClick' is assigned a value but never used                                        no-unused-vars
  Line 49:7:    'showAnimation' is assigned a value but never used                                            no-unused-vars
  Line 109:35:  Unexpected mix of '&&' and '||'. Use parentheses to clarify the intended order of operations  no-mixed-operators
  Line 109:59:  Unexpected mix of '&&' and '||'. Use parentheses to clarify the intended order of operations  no-mixed-operators

Search for the keywords to learn more about each warning.
To ignore, add // eslint-disable-next-line to the line before.

WARNING in [eslint] 
src/App.js
  Line 11:8:   'Slider' is defined but never used          no-unused-vars
  Line 12:10:  'useState' is defined but never used        no-unused-vars
  Line 18:7:   'teams' is assigned a value but never used  no-unused-vars

src/Dashboard.js
  Line 1:17:   'useState' is defined but never used                    no-unused-vars
  Line 6:10:   'RiDashboardLine' is defined but never used             no-unused-vars
  Line 7:10:   'FaRegUserCircle' is defined but never used             no-unused-vars
  Line 27:11:  'handleClientClick' is assigned a value but never used  no-unused-vars

src/Pages/AddClient.js
  Line 1:17:   'useState' is defined but never used           no-unused-vars
  Line 11:5:   'register' is assigned a value but never used  no-unused-vars
  Line 12:18:  'errors' is assigned a value but never used    no-unused-vars

src/Pages/ClientPage.js
  Line 123:9:  'navigate' is assigned a value but never used  no-unused-vars

src/Pages/Slider.js
  Line 4:10:    'Link' is defined but never used                                                              no-unused-vars
  Line 17:11:   'location' is assigned a value but never used                                                 no-unused-vars
  Line 28:7:    'handleClientClick' is assigned a value but never used                                        no-unused-vars
  Line 49:7:    'showAnimation' is assigned a value but never used                                            no-unused-vars
  Line 109:35:  Unexpected mix of '&&' and '||'. Use parentheses to clarify the intended order of operations  no-mixed-operators
  Line 109:59:  Unexpected mix of '&&' and '||'. Use parentheses to clarify the intended order of operations  no-mixed-operators

webpack compiled with 1 warning
[0;33mOne of your dependencies, babel-preset-react-app, is importing the
"@babel/plugin-proposal-private-property-in-object" package without
declaring it in its dependencies. This is currently working because
"@babel/plugin-proposal-private-property-in-object" is already in your
node_modules folder for unrelated reasons, but it [1mmay break at any time[0;33m.

babel-preset-react-app is part of the create-react-app project, [1mwhich
is not maintianed anymore[0;33m. It is thus unlikely that this bug will
ever be fixed. Add "@babel/plugin-proposal-private-property-in-object" to
your devDependencies to work around this error. This will make this message
go away.[0m
  
Compiling...
Compiled with warnings.

Failed to parse source map from '/home/ec2-user/code/legal-wings-management-system-ui/node_modules/@react-keycloak/core/lib/@react-keycloak/core/context.ts' file: Error: ENOENT: no such file or directory, open '/home/ec2-user/code/legal-wings-management-system-ui/node_modules/@react-keycloak/core/lib/@react-keycloak/core/context.ts'

Failed to parse source map from '/home/ec2-user/code/legal-wings-management-system-ui/node_modules/@react-keycloak/core/lib/@react-keycloak/core/index.ts' file: Error: ENOENT: no such file or directory, open '/home/ec2-user/code/legal-wings-management-system-ui/node_modules/@react-keycloak/core/lib/@react-keycloak/core/index.ts'

Failed to parse source map from '/home/ec2-user/code/legal-wings-management-system-ui/node_modules/@react-keycloak/core/lib/@react-keycloak/core/provider.tsx' file: Error: ENOENT: no such file or directory, open '/home/ec2-user/code/legal-wings-management-system-ui/node_modules/@react-keycloak/core/lib/@react-keycloak/core/provider.tsx'

Failed to parse source map from '/home/ec2-user/code/legal-wings-management-system-ui/node_modules/@react-keycloak/core/lib/@react-keycloak/core/types.ts' file: Error: ENOENT: no such file or directory, open '/home/ec2-user/code/legal-wings-management-system-ui/node_modules/@react-keycloak/core/lib/@react-keycloak/core/types.ts'

Failed to parse source map from '/home/ec2-user/code/legal-wings-management-system-ui/node_modules/@react-keycloak/web/lib/@react-keycloak/web/context.ts' file: Error: ENOENT: no such file or directory, open '/home/ec2-user/code/legal-wings-management-system-ui/node_modules/@react-keycloak/web/lib/@react-keycloak/web/context.ts'

Failed to parse source map from '/home/ec2-user/code/legal-wings-management-system-ui/node_modules/@react-keycloak/web/lib/@react-keycloak/web/index.ts' file: Error: ENOENT: no such file or directory, open '/home/ec2-user/code/legal-wings-management-system-ui/node_modules/@react-keycloak/web/lib/@react-keycloak/web/index.ts'

Failed to parse source map from '/home/ec2-user/code/legal-wings-management-system-ui/node_modules/@react-keycloak/web/lib/@react-keycloak/web/provider.ts' file: Error: ENOENT: no such file or directory, open '/home/ec2-user/code/legal-wings-management-system-ui/node_modules/@react-keycloak/web/lib/@react-keycloak/web/provider.ts'

Failed to parse source map from '/home/ec2-user/code/legal-wings-management-system-ui/node_modules/@react-keycloak/web/lib/@react-keycloak/web/useKeycloak.ts' file: Error: ENOENT: no such file or directory, open '/home/ec2-user/code/legal-wings-management-system-ui/node_modules/@react-keycloak/web/lib/@react-keycloak/web/useKeycloak.ts'

Failed to parse source map from '/home/ec2-user/code/legal-wings-management-system-ui/node_modules/@react-keycloak/web/lib/@react-keycloak/web/withKeycloak.tsx' file: Error: ENOENT: no such file or directory, open '/home/ec2-user/code/legal-wings-management-system-ui/node_modules/@react-keycloak/web/lib/@react-keycloak/web/withKeycloak.tsx'

Failed to parse source map from '/home/ec2-user/code/legal-wings-management-system-ui/node_modules/react-datepicker/src/calendar.tsx' file: Error: ENOENT: no such file or directory, open '/home/ec2-user/code/legal-wings-management-system-ui/node_modules/react-datepicker/src/calendar.tsx'

Failed to parse source map from '/home/ec2-user/code/legal-wings-management-system-ui/node_modules/react-datepicker/src/calendar_container.tsx' file: Error: ENOENT: no such file or directory, open '/home/ec2-user/code/legal-wings-management-system-ui/node_modules/react-datepicker/src/calendar_container.tsx'

Failed to parse source map from '/home/ec2-user/code/legal-wings-management-system-ui/node_modules/react-datepicker/src/calendar_icon.tsx' file: Error: ENOENT: no such file or directory, open '/home/ec2-user/code/legal-wings-management-system-ui/node_modules/react-datepicker/src/calendar_icon.tsx'

Failed to parse source map from '/home/ec2-user/code/legal-wings-management-system-ui/node_modules/react-datepicker/src/click_outside_wrapper.tsx' file: Error: ENOENT: no such file or directory, open '/home/ec2-user/code/legal-wings-management-system-ui/node_modules/react-datepicker/src/click_outside_wrapper.tsx'

Failed to parse source map from '/home/ec2-user/code/legal-wings-management-system-ui/node_modules/react-datepicker/src/date_utils.ts' file: Error: ENOENT: no such file or directory, open '/home/ec2-user/code/legal-wings-management-system-ui/node_modules/react-datepicker/src/date_utils.ts'

Failed to parse source map from '/home/ec2-user/code/legal-wings-management-system-ui/node_modules/react-datepicker/src/day.tsx' file: Error: ENOENT: no such file or directory, open '/home/ec2-user/code/legal-wings-management-system-ui/node_modules/react-datepicker/src/day.tsx'

Failed to parse source map from '/home/ec2-user/code/legal-wings-management-system-ui/node_modules/react-datepicker/src/index.tsx' file: Error: ENOENT: no such file or directory, open '/home/ec2-user/code/legal-wings-management-system-ui/node_modules/react-datepicker/src/index.tsx'

Failed to parse source map from '/home/ec2-user/code/legal-wings-management-system-ui/node_modules/react-datepicker/src/input_time.tsx' file: Error: ENOENT: no such file or directory, open '/home/ec2-user/code/legal-wings-management-system-ui/node_modules/react-datepicker/src/input_time.tsx'

Failed to parse source map from '/home/ec2-user/code/legal-wings-management-system-ui/node_modules/react-datepicker/src/month.tsx' file: Error: ENOENT: no such file or directory, open '/home/ec2-user/code/legal-wings-management-system-ui/node_modules/react-datepicker/src/month.tsx'

Failed to parse source map from '/home/ec2-user/code/legal-wings-management-system-ui/node_modules/react-datepicker/src/month_dropdown.tsx' file: Error: ENOENT: no such file or directory, open '/home/ec2-user/code/legal-wings-management-system-ui/node_modules/react-datepicker/src/month_dropdown.tsx'

Failed to parse source map from '/home/ec2-user/code/legal-wings-management-system-ui/node_modules/react-datepicker/src/month_dropdown_options.tsx' file: Error: ENOENT: no such file or directory, open '/home/ec2-user/code/legal-wings-management-system-ui/node_modules/react-datepicker/src/month_dropdown_options.tsx'

Failed to parse source map from '/home/ec2-user/code/legal-wings-management-system-ui/node_modules/react-datepicker/src/month_year_dropdown.tsx' file: Error: ENOENT: no such file or directory, open '/home/ec2-user/code/legal-wings-management-system-ui/node_modules/react-datepicker/src/month_year_dropdown.tsx'

Failed to parse source map from '/home/ec2-user/code/legal-wings-management-system-ui/node_modules/react-datepicker/src/month_year_dropdown_options.tsx' file: Error: ENOENT: no such file or directory, open '/home/ec2-user/code/legal-wings-management-system-ui/node_modules/react-datepicker/src/month_year_dropdown_options.tsx'

Failed to parse source map from '/home/ec2-user/code/legal-wings-management-system-ui/node_modules/react-datepicker/src/popper_component.tsx' file: Error: ENOENT: no such file or directory, open '/home/ec2-user/code/legal-wings-management-system-ui/node_modules/react-datepicker/src/popper_component.tsx'

Failed to parse source map from '/home/ec2-user/code/legal-wings-management-system-ui/node_modules/react-datepicker/src/portal.tsx' file: Error: ENOENT: no such file or directory, open '/home/ec2-user/code/legal-wings-management-system-ui/node_modules/react-datepicker/src/portal.tsx'

Failed to parse source map from '/home/ec2-user/code/legal-wings-management-system-ui/node_modules/react-datepicker/src/tab_loop.tsx' file: Error: ENOENT: no such file or directory, open '/home/ec2-user/code/legal-wings-management-system-ui/node_modules/react-datepicker/src/tab_loop.tsx'

Failed to parse source map from '/home/ec2-user/code/legal-wings-management-system-ui/node_modules/react-datepicker/src/time.tsx' file: Error: ENOENT: no such file or directory, open '/home/ec2-user/code/legal-wings-management-system-ui/node_modules/react-datepicker/src/time.tsx'

Failed to parse source map from '/home/ec2-user/code/legal-wings-management-system-ui/node_modules/react-datepicker/src/week.tsx' file: Error: ENOENT: no such file or directory, open '/home/ec2-user/code/legal-wings-management-system-ui/node_modules/react-datepicker/src/week.tsx'

Failed to parse source map from '/home/ec2-user/code/legal-wings-management-system-ui/node_modules/react-datepicker/src/week_number.tsx' file: Error: ENOENT: no such file or directory, open '/home/ec2-user/code/legal-wings-management-system-ui/node_modules/react-datepicker/src/week_number.tsx'

Failed to parse source map from '/home/ec2-user/code/legal-wings-management-system-ui/node_modules/react-datepicker/src/with_floating.tsx' file: Error: ENOENT: no such file or directory, open '/home/ec2-user/code/legal-wings-management-system-ui/node_modules/react-datepicker/src/with_floating.tsx'

Failed to parse source map from '/home/ec2-user/code/legal-wings-management-system-ui/node_modules/react-datepicker/src/year.tsx' file: Error: ENOENT: no such file or directory, open '/home/ec2-user/code/legal-wings-management-system-ui/node_modules/react-datepicker/src/year.tsx'

Failed to parse source map from '/home/ec2-user/code/legal-wings-management-system-ui/node_modules/react-datepicker/src/year_dropdown.tsx' file: Error: ENOENT: no such file or directory, open '/home/ec2-user/code/legal-wings-management-system-ui/node_modules/react-datepicker/src/year_dropdown.tsx'

Failed to parse source map from '/home/ec2-user/code/legal-wings-management-system-ui/node_modules/react-datepicker/src/year_dropdown_options.tsx' file: Error: ENOENT: no such file or directory, open '/home/ec2-user/code/legal-wings-management-system-ui/node_modules/react-datepicker/src/year_dropdown_options.tsx'

[eslint] 
src/App.js
  Line 11:8:   'Slider' is defined but never used          no-unused-vars
  Line 12:10:  'useState' is defined but never used        no-unused-vars
  Line 32:9:   'teams' is assigned a value but never used  no-unused-vars

src/Dashboard.js
  Line 11:14:  'keycloak' is assigned a value but never used  no-unused-vars

src/Pages/AddClient.js
  Line 419:10:  'cities' is assigned a value but never used                                                                        no-unused-vars
  Line 420:10:  'areas' is assigned a value but never used                                                                         no-unused-vars
  Line 420:17:  'setAreas' is assigned a value but never used                                                                      no-unused-vars
  Line 421:10:  'loading' is assigned a value but never used                                                                       no-unused-vars
  Line 423:10:  'selectedCity' is assigned a value but never used                                                                  no-unused-vars
  Line 423:24:  'setSelectedCity' is assigned a value but never used                                                               no-unused-vars
  Line 458:6:   React Hook useEffect has a missing dependency: 'keycloak.token'. Either include it or remove the dependency array  react-hooks/exhaustive-deps
  Line 460:3:   Nested block is redundant                                                                                          no-lone-blocks

src/Pages/AddLeadPage.js
  Line 6:8:     'AddClient' is defined but never used                                                                              no-unused-vars
  Line 11:10:   'FaPlus' is defined but never used                                                                                 no-unused-vars
  Line 11:18:   'FaRegCalendarAlt' is defined but never used                                                                       no-unused-vars
  Line 12:8:    'DatePicker' is defined but never used                                                                             no-unused-vars
  Line 14:10:   'format' is defined but never used                                                                                 no-unused-vars
  Line 35:10:   'startDate' is assigned a value but never used                                                                     no-unused-vars
  Line 36:10:   'endDate' is assigned a value but never used                                                                       no-unused-vars
  Line 41:10:   'isModalOpen' is assigned a value but never used                                                                   no-unused-vars
  Line 41:23:   'setIsModalOpen' is assigned a value but never used                                                                no-unused-vars
  Line 66:9:    'handleAcceptLead' is assigned a value but never used                                                              no-unused-vars
  Line 354:6:   React Hook useEffect has a missing dependency: 'fetchDropdowns'. Either include it or remove the dependency array  react-hooks/exhaustive-deps
  Line 434:13:  Duplicate key 'area'                                                                                               no-dupe-keys
  Line 437:13:  Duplicate key 'city'                                                                                               no-dupe-keys
  Line 469:6:   React Hook useEffect has a missing dependency: 'keycloak.token'. Either include it or remove the dependency array  react-hooks/exhaustive-deps

src/Pages/Api.js
  Line 7:15:  Unexpected template string expression  no-template-curly-in-string

src/Pages/AssingLead.js
  Line 4:10:  'useParams' is defined but never used                                                                               no-unused-vars
  Line 16:6:  React Hook useEffect has a missing dependency: 'fetchExecutives'. Either include it or remove the dependency array  react-hooks/exhaustive-deps

src/Pages/BackendDetails.js
  Line 138:11:  'id' is assigned a value but never used        no-unused-vars
  Line 139:10:  'keycloak' is assigned a value but never used  no-unused-vars

src/Pages/BackendTeam.js
  Line 7:10:   'FaPlus' is defined but never used                                                                                                             no-unused-vars
  Line 17:16:  'setCity' is assigned a value but never used                                                                                                   no-unused-vars
  Line 18:16:  'setArea' is assigned a value but never used                                                                                                   no-unused-vars
  Line 19:17:  'setAreas' is assigned a value but never used                                                                                                  no-unused-vars
  Line 20:10:  'clients' is assigned a value but never used                                                                                                   no-unused-vars
  Line 20:19:  'setClients' is assigned a value but never used                                                                                                no-unused-vars
  Line 26:9:   'handleAddClient' is assigned a value but never used                                                                                           no-unused-vars
  Line 138:4:  React Hook useEffect has missing dependencies: 'fromDate', 'keycloak.token', and 'toDate'. Either include them or remove the dependency array  react-hooks/exhaustive-deps

src/Pages/CallingTeam.js
  Line 23:30:  'setSelectedClientType' is assigned a value but never used                                                                            no-unused-vars
  Line 24:23:  'setClientTypes' is assigned a value but never used                                                                                   no-unused-vars
  Line 35:18:  'setNoData' is assigned a value but never used                                                                                        no-unused-vars
  Line 37:22:  'setTotalPages' is assigned a value but never used                                                                                    no-unused-vars
  Line 79:6:   React Hook useEffect has a missing dependency: 'fetchDropdowns'. Either include it or remove the dependency array                     react-hooks/exhaustive-deps
  Line 206:6:  React Hook useEffect has a missing dependency: 'fetchAllLeads'. Either include it or remove the dependency array                      react-hooks/exhaustive-deps
  Line 316:6:  React Hook useEffect has missing dependencies: 'fetchDropdowns' and 'fetchLeads'. Either include them or remove the dependency array  react-hooks/exhaustive-deps

src/Pages/ClientPage.js
  Line 49:9:  'navigate' is assigned a value but never used                                                                    no-unused-vars
  Line 99:6:  React Hook useEffect has a missing dependency: 'fetchClients'. Either include it or remove the dependency array  react-hooks/exhaustive-deps

src/Pages/Edit.js
  Line 6:8:     'AddClient' is defined but never used                                                                              no-unused-vars
  Line 11:10:   'FaPlus' is defined but never used                                                                                 no-unused-vars
  Line 11:18:   'FaRegCalendarAlt' is defined but never used                                                                       no-unused-vars
  Line 12:8:    'DatePicker' is defined but never used                                                                             no-unused-vars
  Line 31:10:   'startDate' is assigned a value but never used                                                                     no-unused-vars
  Line 32:10:   'endDate' is assigned a value but never used                                                                       no-unused-vars
  Line 37:10:   'isModalOpen' is assigned a value but never used                                                                   no-unused-vars
  Line 37:23:   'setIsModalOpen' is assigned a value but never used                                                                no-unused-vars
  Line 58:6:    React Hook useEffect has a missing dependency: 'keycloak.token'. Either include it or remove the dependency array  react-hooks/exhaustive-deps
  Line 60:9:    'handleAcceptLead' is assigned a value but never used                                                              no-unused-vars
  Line 318:6:   React Hook useEffect has a missing dependency: 'fetchDropdowns'. Either include it or remove the dependency array  react-hooks/exhaustive-deps
  Line 402:13:  Duplicate key 'area'                                                                                               no-dupe-keys
  Line 405:13:  Duplicate key 'city'                                                                                               no-dupe-keys
  Line 437:6:   React Hook useEffect has a missing dependency: 'keycloak.token'. Either include it or remove the dependency array  react-hooks/exhaustive-deps
  Line 461:19:  Expected '===' and instead saw '=='                                                                                eqeqeq
  Line 501:19:  Expected '===' and instead saw '=='                                                                                eqeqeq
  Line 526:19:  Expected '===' and instead saw '=='                                                                                eqeqeq

src/Pages/EditClient.js
  Line 18:10:  'selectedClientId' is assigned a value but never used                                                                                  no-unused-vars
  Line 19:10:  'showForm' is assigned a value but never used                                                                                          no-unused-vars
  Line 78:4:   React Hook useEffect has missing dependencies: 'cityToAreas' and 'keycloak.token'. Either include them or remove the dependency array  react-hooks/exhaustive-deps
  Line 110:9:  'onClientSelect' is assigned a value but never used                                                                                    no-unused-vars
  Line 124:9:  'handleNewClient' is assigned a value but never used                                                                                   no-unused-vars

src/Pages/Execative.js
  Line 7:23:   'useParams' is defined but never used                                                                              no-unused-vars
  Line 9:25:   'FaEdit' is defined but never used                                                                                 no-unused-vars
  Line 9:33:   'FaTrash' is defined but never used                                                                                no-unused-vars
  Line 14:8:   'AssignLead' is defined but never used                                                                             no-unused-vars
  Line 24:23:  'setClientTypes' is assigned a value but never used                                                                no-unused-vars
  Line 31:10:  'isModalOpen' is assigned a value but never used                                                                   no-unused-vars
  Line 32:19:  'setLoading' is assigned a value but never used                                                                    no-unused-vars
  Line 34:10:  'selectedLeadId' is assigned a value but never used                                                                no-unused-vars
  Line 35:9:   'recordsPerPage' is assigned a value but never used                                                                no-unused-vars
  Line 130:6:  React Hook useEffect has a missing dependency: 'fetchDropdowns'. Either include it or remove the dependency array  react-hooks/exhaustive-deps
  Line 244:6:  React Hook useEffect has a missing dependency: 'fetchAllLeads'. Either include it or remove the dependency array   react-hooks/exhaustive-deps
  Line 255:9:  'handleAssign' is assigned a value but never used                                                                  no-unused-vars

src/Pages/Header.js
  Line 12:10:  'keycloak' is assigned a value but never used  no-unused-vars

src/Pages/Slider.js
  Line 205:9:   'navigate' is assigned a value but never used                                                 no-unused-vars
  Line 207:9:   'location' is assigned a value but never used                                                 no-unused-vars
  Line 208:10:  'keycloak' is assigned a value but never used                                                 no-unused-vars
  Line 298:33:  Unexpected mix of '&&' and '||'. Use parentheses to clarify the intended order of operations  no-mixed-operators
  Line 298:57:  Unexpected mix of '&&' and '||'. Use parentheses to clarify the intended order of operations  no-mixed-operators

Search for the keywords to learn more about each warning.
To ignore, add // eslint-disable-next-line to the line before.

WARNING in ./node_modules/@react-keycloak/core/lib/context.js
Module Warning (from ./node_modules/source-map-loader/dist/cjs.js):
Failed to parse source map from '/home/ec2-user/code/legal-wings-management-system-ui/node_modules/@react-keycloak/core/lib/@react-keycloak/core/context.ts' file: Error: ENOENT: no such file or directory, open '/home/ec2-user/code/legal-wings-management-system-ui/node_modules/@react-keycloak/core/lib/@react-keycloak/core/context.ts'

WARNING in ./node_modules/@react-keycloak/core/lib/index.js
Module Warning (from ./node_modules/source-map-loader/dist/cjs.js):
Failed to parse source map from '/home/ec2-user/code/legal-wings-management-system-ui/node_modules/@react-keycloak/core/lib/@react-keycloak/core/index.ts' file: Error: ENOENT: no such file or directory, open '/home/ec2-user/code/legal-wings-management-system-ui/node_modules/@react-keycloak/core/lib/@react-keycloak/core/index.ts'

WARNING in ./node_modules/@react-keycloak/core/lib/provider.js
Module Warning (from ./node_modules/source-map-loader/dist/cjs.js):
Failed to parse source map from '/home/ec2-user/code/legal-wings-management-system-ui/node_modules/@react-keycloak/core/lib/@react-keycloak/core/provider.tsx' file: Error: ENOENT: no such file or directory, open '/home/ec2-user/code/legal-wings-management-system-ui/node_modules/@react-keycloak/core/lib/@react-keycloak/core/provider.tsx'

WARNING in ./node_modules/@react-keycloak/core/lib/types.js
Module Warning (from ./node_modules/source-map-loader/dist/cjs.js):
Failed to parse source map from '/home/ec2-user/code/legal-wings-management-system-ui/node_modules/@react-keycloak/core/lib/@react-keycloak/core/types.ts' file: Error: ENOENT: no such file or directory, open '/home/ec2-user/code/legal-wings-management-system-ui/node_modules/@react-keycloak/core/lib/@react-keycloak/core/types.ts'

WARNING in ./node_modules/@react-keycloak/web/lib/context.js
Module Warning (from ./node_modules/source-map-loader/dist/cjs.js):
Failed to parse source map from '/home/ec2-user/code/legal-wings-management-system-ui/node_modules/@react-keycloak/web/lib/@react-keycloak/web/context.ts' file: Error: ENOENT: no such file or directory, open '/home/ec2-user/code/legal-wings-management-system-ui/node_modules/@react-keycloak/web/lib/@react-keycloak/web/context.ts'

WARNING in ./node_modules/@react-keycloak/web/lib/index.js
Module Warning (from ./node_modules/source-map-loader/dist/cjs.js):
Failed to parse source map from '/home/ec2-user/code/legal-wings-management-system-ui/node_modules/@react-keycloak/web/lib/@react-keycloak/web/index.ts' file: Error: ENOENT: no such file or directory, open '/home/ec2-user/code/legal-wings-management-system-ui/node_modules/@react-keycloak/web/lib/@react-keycloak/web/index.ts'

WARNING in ./node_modules/@react-keycloak/web/lib/provider.js
Module Warning (from ./node_modules/source-map-loader/dist/cjs.js):
Failed to parse source map from '/home/ec2-user/code/legal-wings-management-system-ui/node_modules/@react-keycloak/web/lib/@react-keycloak/web/provider.ts' file: Error: ENOENT: no such file or directory, open '/home/ec2-user/code/legal-wings-management-system-ui/node_modules/@react-keycloak/web/lib/@react-keycloak/web/provider.ts'

WARNING in ./node_modules/@react-keycloak/web/lib/useKeycloak.js
Module Warning (from ./node_modules/source-map-loader/dist/cjs.js):
Failed to parse source map from '/home/ec2-user/code/legal-wings-management-system-ui/node_modules/@react-keycloak/web/lib/@react-keycloak/web/useKeycloak.ts' file: Error: ENOENT: no such file or directory, open '/home/ec2-user/code/legal-wings-management-system-ui/node_modules/@react-keycloak/web/lib/@react-keycloak/web/useKeycloak.ts'

WARNING in ./node_modules/@react-keycloak/web/lib/withKeycloak.js
Module Warning (from ./node_modules/source-map-loader/dist/cjs.js):
Failed to parse source map from '/home/ec2-user/code/legal-wings-management-system-ui/node_modules/@react-keycloak/web/lib/@react-keycloak/web/withKeycloak.tsx' file: Error: ENOENT: no such file or directory, open '/home/ec2-user/code/legal-wings-management-system-ui/node_modules/@react-keycloak/web/lib/@react-keycloak/web/withKeycloak.tsx'

WARNING in ./node_modules/react-datepicker/dist/index.es.js
Module Warning (from ./node_modules/source-map-loader/dist/cjs.js):
Failed to parse source map from '/home/ec2-user/code/legal-wings-management-system-ui/node_modules/react-datepicker/src/calendar.tsx' file: Error: ENOENT: no such file or directory, open '/home/ec2-user/code/legal-wings-management-system-ui/node_modules/react-datepicker/src/calendar.tsx'

WARNING in ./node_modules/react-datepicker/dist/index.es.js
Module Warning (from ./node_modules/source-map-loader/dist/cjs.js):
Failed to parse source map from '/home/ec2-user/code/legal-wings-management-system-ui/node_modules/react-datepicker/src/calendar_container.tsx' file: Error: ENOENT: no such file or directory, open '/home/ec2-user/code/legal-wings-management-system-ui/node_modules/react-datepicker/src/calendar_container.tsx'

WARNING in ./node_modules/react-datepicker/dist/index.es.js
Module Warning (from ./node_modules/source-map-loader/dist/cjs.js):
Failed to parse source map from '/home/ec2-user/code/legal-wings-management-system-ui/node_modules/react-datepicker/src/calendar_icon.tsx' file: Error: ENOENT: no such file or directory, open '/home/ec2-user/code/legal-wings-management-system-ui/node_modules/react-datepicker/src/calendar_icon.tsx'

WARNING in ./node_modules/react-datepicker/dist/index.es.js
Module Warning (from ./node_modules/source-map-loader/dist/cjs.js):
Failed to parse source map from '/home/ec2-user/code/legal-wings-management-system-ui/node_modules/react-datepicker/src/click_outside_wrapper.tsx' file: Error: ENOENT: no such file or directory, open '/home/ec2-user/code/legal-wings-management-system-ui/node_modules/react-datepicker/src/click_outside_wrapper.tsx'

WARNING in ./node_modules/react-datepicker/dist/index.es.js
Module Warning (from ./node_modules/source-map-loader/dist/cjs.js):
Failed to parse source map from '/home/ec2-user/code/legal-wings-management-system-ui/node_modules/react-datepicker/src/date_utils.ts' file: Error: ENOENT: no such file or directory, open '/home/ec2-user/code/legal-wings-management-system-ui/node_modules/react-datepicker/src/date_utils.ts'

WARNING in ./node_modules/react-datepicker/dist/index.es.js
Module Warning (from ./node_modules/source-map-loader/dist/cjs.js):
Failed to parse source map from '/home/ec2-user/code/legal-wings-management-system-ui/node_modules/react-datepicker/src/day.tsx' file: Error: ENOENT: no such file or directory, open '/home/ec2-user/code/legal-wings-management-system-ui/node_modules/react-datepicker/src/day.tsx'

WARNING in ./node_modules/react-datepicker/dist/index.es.js
Module Warning (from ./node_modules/source-map-loader/dist/cjs.js):
Failed to parse source map from '/home/ec2-user/code/legal-wings-management-system-ui/node_modules/react-datepicker/src/index.tsx' file: Error: ENOENT: no such file or directory, open '/home/ec2-user/code/legal-wings-management-system-ui/node_modules/react-datepicker/src/index.tsx'

WARNING in ./node_modules/react-datepicker/dist/index.es.js
Module Warning (from ./node_modules/source-map-loader/dist/cjs.js):
Failed to parse source map from '/home/ec2-user/code/legal-wings-management-system-ui/node_modules/react-datepicker/src/input_time.tsx' file: Error: ENOENT: no such file or directory, open '/home/ec2-user/code/legal-wings-management-system-ui/node_modules/react-datepicker/src/input_time.tsx'

WARNING in ./node_modules/react-datepicker/dist/index.es.js
Module Warning (from ./node_modules/source-map-loader/dist/cjs.js):
Failed to parse source map from '/home/ec2-user/code/legal-wings-management-system-ui/node_modules/react-datepicker/src/month.tsx' file: Error: ENOENT: no such file or directory, open '/home/ec2-user/code/legal-wings-management-system-ui/node_modules/react-datepicker/src/month.tsx'

WARNING in ./node_modules/react-datepicker/dist/index.es.js
Module Warning (from ./node_modules/source-map-loader/dist/cjs.js):
Failed to parse source map from '/home/ec2-user/code/legal-wings-management-system-ui/node_modules/react-datepicker/src/month_dropdown.tsx' file: Error: ENOENT: no such file or directory, open '/home/ec2-user/code/legal-wings-management-system-ui/node_modules/react-datepicker/src/month_dropdown.tsx'

WARNING in ./node_modules/react-datepicker/dist/index.es.js
Module Warning (from ./node_modules/source-map-loader/dist/cjs.js):
Failed to parse source map from '/home/ec2-user/code/legal-wings-management-system-ui/node_modules/react-datepicker/src/month_dropdown_options.tsx' file: Error: ENOENT: no such file or directory, open '/home/ec2-user/code/legal-wings-management-system-ui/node_modules/react-datepicker/src/month_dropdown_options.tsx'

WARNING in ./node_modules/react-datepicker/dist/index.es.js
Module Warning (from ./node_modules/source-map-loader/dist/cjs.js):
Failed to parse source map from '/home/ec2-user/code/legal-wings-management-system-ui/node_modules/react-datepicker/src/month_year_dropdown.tsx' file: Error: ENOENT: no such file or directory, open '/home/ec2-user/code/legal-wings-management-system-ui/node_modules/react-datepicker/src/month_year_dropdown.tsx'

WARNING in ./node_modules/react-datepicker/dist/index.es.js
Module Warning (from ./node_modules/source-map-loader/dist/cjs.js):
Failed to parse source map from '/home/ec2-user/code/legal-wings-management-system-ui/node_modules/react-datepicker/src/month_year_dropdown_options.tsx' file: Error: ENOENT: no such file or directory, open '/home/ec2-user/code/legal-wings-management-system-ui/node_modules/react-datepicker/src/month_year_dropdown_options.tsx'

WARNING in ./node_modules/react-datepicker/dist/index.es.js
Module Warning (from ./node_modules/source-map-loader/dist/cjs.js):
Failed to parse source map from '/home/ec2-user/code/legal-wings-management-system-ui/node_modules/react-datepicker/src/popper_component.tsx' file: Error: ENOENT: no such file or directory, open '/home/ec2-user/code/legal-wings-management-system-ui/node_modules/react-datepicker/src/popper_component.tsx'

WARNING in ./node_modules/react-datepicker/dist/index.es.js
Module Warning (from ./node_modules/source-map-loader/dist/cjs.js):
Failed to parse source map from '/home/ec2-user/code/legal-wings-management-system-ui/node_modules/react-datepicker/src/portal.tsx' file: Error: ENOENT: no such file or directory, open '/home/ec2-user/code/legal-wings-management-system-ui/node_modules/react-datepicker/src/portal.tsx'

WARNING in ./node_modules/react-datepicker/dist/index.es.js
Module Warning (from ./node_modules/source-map-loader/dist/cjs.js):
Failed to parse source map from '/home/ec2-user/code/legal-wings-management-system-ui/node_modules/react-datepicker/src/tab_loop.tsx' file: Error: ENOENT: no such file or directory, open '/home/ec2-user/code/legal-wings-management-system-ui/node_modules/react-datepicker/src/tab_loop.tsx'

WARNING in ./node_modules/react-datepicker/dist/index.es.js
Module Warning (from ./node_modules/source-map-loader/dist/cjs.js):
Failed to parse source map from '/home/ec2-user/code/legal-wings-management-system-ui/node_modules/react-datepicker/src/time.tsx' file: Error: ENOENT: no such file or directory, open '/home/ec2-user/code/legal-wings-management-system-ui/node_modules/react-datepicker/src/time.tsx'

WARNING in ./node_modules/react-datepicker/dist/index.es.js
Module Warning (from ./node_modules/source-map-loader/dist/cjs.js):
Failed to parse source map from '/home/ec2-user/code/legal-wings-management-system-ui/node_modules/react-datepicker/src/week.tsx' file: Error: ENOENT: no such file or directory, open '/home/ec2-user/code/legal-wings-management-system-ui/node_modules/react-datepicker/src/week.tsx'

WARNING in ./node_modules/react-datepicker/dist/index.es.js
Module Warning (from ./node_modules/source-map-loader/dist/cjs.js):
Failed to parse source map from '/home/ec2-user/code/legal-wings-management-system-ui/node_modules/react-datepicker/src/week_number.tsx' file: Error: ENOENT: no such file or directory, open '/home/ec2-user/code/legal-wings-management-system-ui/node_modules/react-datepicker/src/week_number.tsx'

WARNING in ./node_modules/react-datepicker/dist/index.es.js
Module Warning (from ./node_modules/source-map-loader/dist/cjs.js):
Failed to parse source map from '/home/ec2-user/code/legal-wings-management-system-ui/node_modules/react-datepicker/src/with_floating.tsx' file: Error: ENOENT: no such file or directory, open '/home/ec2-user/code/legal-wings-management-system-ui/node_modules/react-datepicker/src/with_floating.tsx'

WARNING in ./node_modules/react-datepicker/dist/index.es.js
Module Warning (from ./node_modules/source-map-loader/dist/cjs.js):
Failed to parse source map from '/home/ec2-user/code/legal-wings-management-system-ui/node_modules/react-datepicker/src/year.tsx' file: Error: ENOENT: no such file or directory, open '/home/ec2-user/code/legal-wings-management-system-ui/node_modules/react-datepicker/src/year.tsx'

WARNING in ./node_modules/react-datepicker/dist/index.es.js
Module Warning (from ./node_modules/source-map-loader/dist/cjs.js):
Failed to parse source map from '/home/ec2-user/code/legal-wings-management-system-ui/node_modules/react-datepicker/src/year_dropdown.tsx' file: Error: ENOENT: no such file or directory, open '/home/ec2-user/code/legal-wings-management-system-ui/node_modules/react-datepicker/src/year_dropdown.tsx'

WARNING in ./node_modules/react-datepicker/dist/index.es.js
Module Warning (from ./node_modules/source-map-loader/dist/cjs.js):
Failed to parse source map from '/home/ec2-user/code/legal-wings-management-system-ui/node_modules/react-datepicker/src/year_dropdown_options.tsx' file: Error: ENOENT: no such file or directory, open '/home/ec2-user/code/legal-wings-management-system-ui/node_modules/react-datepicker/src/year_dropdown_options.tsx'

WARNING in [eslint] 
src/App.js
  Line 11:8:   'Slider' is defined but never used          no-unused-vars
  Line 12:10:  'useState' is defined but never used        no-unused-vars
  Line 32:9:   'teams' is assigned a value but never used  no-unused-vars

src/Dashboard.js
  Line 11:14:  'keycloak' is assigned a value but never used  no-unused-vars

src/Pages/AddClient.js
  Line 419:10:  'cities' is assigned a value but never used                                                                        no-unused-vars
  Line 420:10:  'areas' is assigned a value but never used                                                                         no-unused-vars
  Line 420:17:  'setAreas' is assigned a value but never used                                                                      no-unused-vars
  Line 421:10:  'loading' is assigned a value but never used                                                                       no-unused-vars
  Line 423:10:  'selectedCity' is assigned a value but never used                                                                  no-unused-vars
  Line 423:24:  'setSelectedCity' is assigned a value but never used                                                               no-unused-vars
  Line 458:6:   React Hook useEffect has a missing dependency: 'keycloak.token'. Either include it or remove the dependency array  react-hooks/exhaustive-deps
  Line 460:3:   Nested block is redundant                                                                                          no-lone-blocks

src/Pages/AddLeadPage.js
  Line 6:8:     'AddClient' is defined but never used                                                                              no-unused-vars
  Line 11:10:   'FaPlus' is defined but never used                                                                                 no-unused-vars
  Line 11:18:   'FaRegCalendarAlt' is defined but never used                                                                       no-unused-vars
  Line 12:8:    'DatePicker' is defined but never used                                                                             no-unused-vars
  Line 14:10:   'format' is defined but never used                                                                                 no-unused-vars
  Line 35:10:   'startDate' is assigned a value but never used                                                                     no-unused-vars
  Line 36:10:   'endDate' is assigned a value but never used                                                                       no-unused-vars
  Line 41:10:   'isModalOpen' is assigned a value but never used                                                                   no-unused-vars
  Line 41:23:   'setIsModalOpen' is assigned a value but never used                                                                no-unused-vars
  Line 66:9:    'handleAcceptLead' is assigned a value but never used                                                              no-unused-vars
  Line 354:6:   React Hook useEffect has a missing dependency: 'fetchDropdowns'. Either include it or remove the dependency array  react-hooks/exhaustive-deps
  Line 434:13:  Duplicate key 'area'                                                                                               no-dupe-keys
  Line 437:13:  Duplicate key 'city'                                                                                               no-dupe-keys
  Line 469:6:   React Hook useEffect has a missing dependency: 'keycloak.token'. Either include it or remove the dependency array  react-hooks/exhaustive-deps

src/Pages/Api.js
  Line 7:15:  Unexpected template string expression  no-template-curly-in-string

src/Pages/AssingLead.js
  Line 4:10:  'useParams' is defined but never used                                                                               no-unused-vars
  Line 16:6:  React Hook useEffect has a missing dependency: 'fetchExecutives'. Either include it or remove the dependency array  react-hooks/exhaustive-deps

src/Pages/BackendDetails.js
  Line 138:11:  'id' is assigned a value but never used        no-unused-vars
  Line 139:10:  'keycloak' is assigned a value but never used  no-unused-vars

src/Pages/BackendTeam.js
  Line 7:10:   'FaPlus' is defined but never used                                                                                                             no-unused-vars
  Line 17:16:  'setCity' is assigned a value but never used                                                                                                   no-unused-vars
  Line 18:16:  'setArea' is assigned a value but never used                                                                                                   no-unused-vars
  Line 19:17:  'setAreas' is assigned a value but never used                                                                                                  no-unused-vars
  Line 20:10:  'clients' is assigned a value but never used                                                                                                   no-unused-vars
  Line 20:19:  'setClients' is assigned a value but never used                                                                                                no-unused-vars
  Line 26:9:   'handleAddClient' is assigned a value but never used                                                                                           no-unused-vars
  Line 138:4:  React Hook useEffect has missing dependencies: 'fromDate', 'keycloak.token', and 'toDate'. Either include them or remove the dependency array  react-hooks/exhaustive-deps

src/Pages/CallingTeam.js
  Line 23:30:  'setSelectedClientType' is assigned a value but never used                                                                            no-unused-vars
  Line 24:23:  'setClientTypes' is assigned a value but never used                                                                                   no-unused-vars
  Line 35:18:  'setNoData' is assigned a value but never used                                                                                        no-unused-vars
  Line 37:22:  'setTotalPages' is assigned a value but never used                                                                                    no-unused-vars
  Line 79:6:   React Hook useEffect has a missing dependency: 'fetchDropdowns'. Either include it or remove the dependency array                     react-hooks/exhaustive-deps
  Line 206:6:  React Hook useEffect has a missing dependency: 'fetchAllLeads'. Either include it or remove the dependency array                      react-hooks/exhaustive-deps
  Line 316:6:  React Hook useEffect has missing dependencies: 'fetchDropdowns' and 'fetchLeads'. Either include them or remove the dependency array  react-hooks/exhaustive-deps

src/Pages/ClientPage.js
  Line 49:9:  'navigate' is assigned a value but never used                                                                    no-unused-vars
  Line 99:6:  React Hook useEffect has a missing dependency: 'fetchClients'. Either include it or remove the dependency array  react-hooks/exhaustive-deps

src/Pages/Edit.js
  Line 6:8:     'AddClient' is defined but never used                                                                              no-unused-vars
  Line 11:10:   'FaPlus' is defined but never used                                                                                 no-unused-vars
  Line 11:18:   'FaRegCalendarAlt' is defined but never used                                                                       no-unused-vars
  Line 12:8:    'DatePicker' is defined but never used                                                                             no-unused-vars
  Line 31:10:   'startDate' is assigned a value but never used                                                                     no-unused-vars
  Line 32:10:   'endDate' is assigned a value but never used                                                                       no-unused-vars
  Line 37:10:   'isModalOpen' is assigned a value but never used                                                                   no-unused-vars
  Line 37:23:   'setIsModalOpen' is assigned a value but never used                                                                no-unused-vars
  Line 58:6:    React Hook useEffect has a missing dependency: 'keycloak.token'. Either include it or remove the dependency array  react-hooks/exhaustive-deps
  Line 60:9:    'handleAcceptLead' is assigned a value but never used                                                              no-unused-vars
  Line 318:6:   React Hook useEffect has a missing dependency: 'fetchDropdowns'. Either include it or remove the dependency array  react-hooks/exhaustive-deps
  Line 402:13:  Duplicate key 'area'                                                                                               no-dupe-keys
  Line 405:13:  Duplicate key 'city'                                                                                               no-dupe-keys
  Line 437:6:   React Hook useEffect has a missing dependency: 'keycloak.token'. Either include it or remove the dependency array  react-hooks/exhaustive-deps
  Line 461:19:  Expected '===' and instead saw '=='                                                                                eqeqeq
  Line 501:19:  Expected '===' and instead saw '=='                                                                                eqeqeq
  Line 526:19:  Expected '===' and instead saw '=='                                                                                eqeqeq

src/Pages/EditClient.js
  Line 18:10:  'selectedClientId' is assigned a value but never used                                                                                  no-unused-vars
  Line 19:10:  'showForm' is assigned a value but never used                                                                                          no-unused-vars
  Line 78:4:   React Hook useEffect has missing dependencies: 'cityToAreas' and 'keycloak.token'. Either include them or remove the dependency array  react-hooks/exhaustive-deps
  Line 110:9:  'onClientSelect' is assigned a value but never used                                                                                    no-unused-vars
  Line 124:9:  'handleNewClient' is assigned a value but never used                                                                                   no-unused-vars

src/Pages/Execative.js
  Line 7:23:   'useParams' is defined but never used                                                                              no-unused-vars
  Line 9:25:   'FaEdit' is defined but never used                                                                                 no-unused-vars
  Line 9:33:   'FaTrash' is defined but never used                                                                                no-unused-vars
  Line 14:8:   'AssignLead' is defined but never used                                                                             no-unused-vars
  Line 24:23:  'setClientTypes' is assigned a value but never used                                                                no-unused-vars
  Line 31:10:  'isModalOpen' is assigned a value but never used                                                                   no-unused-vars
  Line 32:19:  'setLoading' is assigned a value but never used                                                                    no-unused-vars
  Line 34:10:  'selectedLeadId' is assigned a value but never used                                                                no-unused-vars
  Line 35:9:   'recordsPerPage' is assigned a value but never used                                                                no-unused-vars
  Line 130:6:  React Hook useEffect has a missing dependency: 'fetchDropdowns'. Either include it or remove the dependency array  react-hooks/exhaustive-deps
  Line 244:6:  React Hook useEffect has a missing dependency: 'fetchAllLeads'. Either include it or remove the dependency array   react-hooks/exhaustive-deps
  Line 255:9:  'handleAssign' is assigned a value but never used                                                                  no-unused-vars

src/Pages/Header.js
  Line 12:10:  'keycloak' is assigned a value but never used  no-unused-vars

src/Pages/Slider.js
  Line 205:9:   'navigate' is assigned a value but never used                                                 no-unused-vars
  Line 207:9:   'location' is assigned a value but never used                                                 no-unused-vars
  Line 208:10:  'keycloak' is assigned a value but never used                                                 no-unused-vars
  Line 298:33:  Unexpected mix of '&&' and '||'. Use parentheses to clarify the intended order of operations  no-mixed-operators
  Line 298:57:  Unexpected mix of '&&' and '||'. Use parentheses to clarify the intended order of operations  no-mixed-operators

webpack compiled with 33 warnings
/home/ec2-user/code/legal-wings-management-system-ui/node_modules/react-scripts/scripts/start.js:19
  throw err;
  ^

[Error: ENOSPC: no space left on device, write] {
  errno: -28,
  code: 'ENOSPC',
  syscall: 'write'
}

Node.js v18.20.8
